(7,((6,((3,4):4.597523009304091,((2,1):0.20081075913797986)#H9:0.0::0.9677978281872307):1.5306848581455155):0.800583672397264,5):1.819388778225433,(8,#H9:9.442338216487753::0.03220217181276927):5.241538277628052); -Ploglik = 40.41428825053512
 Dendroscope: (7,((6,((3,4):4.597523009304091,((2,1):0.20081075913797986)#H9:0.0):1.5306848581455155):0.800583672397264,5):1.819388778225433,(8,#H9:9.442338216487753):5.241538277628052);
 Elapsed time: 178.46 seconds, 15 attempted runs
-------
List of estimated networks for all runs (sorted by log-pseudolik; the smaller, the better):
 (7,((6,((3,4):4.597523009304091,((2,1):0.20081075913797986)#H9:0.0::0.9677978281872307):1.5306848581455155):0.800583672397264,5):1.819388778225433,(8,#H9:9.442338216487753::0.03220217181276927):5.241538277628052);, with -loglik 40.41428825053512
 (7,(5,(6,((3,4):4.602140816577882,((1,2):0.11172517892267998)#H9:0.09863338022254917::0.968473997215886):1.5327650880781225):0.8003674985781224):1.8193823899408366,(8,#H9:0.33662645544494946::0.031526002784113986):9.443600422245716);, with -loglik 40.484344883730806
 (7,((((4,3):4.6456500257060815,(2,(1,#H9:::0.03329979747213307):2.039599008620087):0.17961616073657408):1.363446666677832,6):0.772926391104584,5):2.015366671590963,(8)#H9:::0.9667002025278669);, with -loglik 48.92116272050588
 (7,((6,((3,4):4.645618890669555,((1,#H9:::0.03329985701187825):2.039282728521575,2):0.1796166704564913):1.3634449845445007):0.7729249939355917,5):2.0153780720519703,(8)#H9:::0.9667001429881218);, with -loglik 48.92116274580333
 (4,3,((6,(((7,8):1.5535298177315044,5):0.6199091589636431)#H9:0.5394463750233466::0.8460492092499071):2.507753736704669,(2,(1,#H9:0.0005424391127697403::0.15395079075009288):0.1762540502750774):0.2067842862154644):4.616189395957619);, with -loglik 50.959099007461894
 ((3,4):4.618697830402958,(6,((5,(7,8):1.5539861823491148):0.4766492657970809)#H11:0.7115161010185429::0.8645731358554054):2.2806744953104845,(2,(1,#H11:3.46067088432121::0.13542686414459462):0.22874018136689123):0.20585366197288765);, with -loglik 51.06052475455635
 (3,4,((2,(1,#H9:::0.2229370887935505):0.08291033691322527):0.204815751702846,(6,((5,(7,8):1.5527917916610021):0.9097948288350404)#H9:::0.7770629112064495):6.711900915662645):4.6077441120590965);, with -loglik 52.13096129528285
 (7,8,((5,(6,((4,3):4.525457225707207,((1,2):0.23724292724763207)#H9:0.00720539639234332::0.9143200655667901):1.8556705950934715):0.8417071613046988):0.15123167595103648,#H9:10.0::0.08567993443320984):1.4043420705337315);, with -loglik 55.48198655648932
 (7,8,((6,(((3,4):4.656665232782378,(1,2):0.1655755965071576):1.2849697147547905)#H9:6.694973218486671::0.581017367759757):6.905232920387884,(5,#H9:0.0::0.41898263224024307):0.10875398385989202):1.5113094893382206);, with -loglik 56.50003374533347
 (7,8,((6,((4,3):4.60668039762294,(2,(1)#H9:::0.9345104718363868):0.220183983620694):1.4581013804448264):0.7627798242420729,(5,#H9:::0.06548952816361317):0.1610052193029353):1.5436504982982029);, with -loglik 59.40409269173463
 (7,8,((((1,2):0.13388975495251348,((3,4):3.0879786507430884)#H9:2.2176611750312945::0.968747006891926):1.3861748201924318,(6,#H9:1.8627558084140878::0.031252993108073925):7.95296467266298):0.6926452980255776,5):1.5497088819600495);, with -loglik 68.19165841504028
 (7,8,(5,(((1,2):0.16264815642527305,(3,(4)#H9:::0.9952943795688578):6.346255020570843):1.2777885224290917,(6,#H9:::0.0047056204311421825):5.16522760638118):0.7113394725537587):1.549490967592605);, with -loglik 69.34109182904591
 (7,8,(5,(6,((4,(3,#H9:::0.0023166368306071056):9.41073902908073):4.83484921499859,(1,(2)#H9:::0.9976833631693929):0.16706399828832175):1.2658189427893358):0.7129030125811429):1.5495108810339324);, with -loglik 71.2496943668769
 (7,8,(5,(6,((4,(3,#H9:::0.00231436938475673):8.30592885316651):4.834824799582063,(1,(2)#H9:::0.9976856306152433):0.1670591818138398):1.2657945865533098):0.7128986359652739):1.5494821718556744);, with -loglik 71.24973220505028
 (7,8,((6,(2,((1,(3,4):4.699268678988283):0.0)#H9:0.0::0.9488808041527709):1.721278921223055):0.8373687908514418,(5,#H9:0.0::0.05111919584722909):0.6635774142716993):1.5255277341314226);, with -loglik 75.512648898238
-------
