(7,((6,((3,4):4.597602456968431,((2,1):0.20078733400049117)#H9:0.0::0.9678207687704807):1.530500162982953):0.8005397258710467,5):1.8192635650553355,(8,#H9:8.033117112343042::0.03217923122951926):5.562055885828497); -Ploglik = 40.41423284103717
 Dendroscope: (7,((6,((3,4):4.597602456968431,((2,1):0.20078733400049117)#H9:0.0):1.530500162982953):0.8005397258710467,5):1.8192635650553355,(8,#H9:8.033117112343042):5.562055885828497);
 Elapsed time: 216.04 seconds, 15 attempted runs
-------
List of estimated networks for all runs (sorted by log-pseudolik; the smaller, the better):
 (7,((6,((3,4):4.597602456968431,((2,1):0.20078733400049117)#H9:0.0::0.9678207687704807):1.530500162982953):0.8005397258710467,5):1.8192635650553355,(8,#H9:8.033117112343042::0.03217923122951926):5.562055885828497);, with -loglik 40.41423284103717
 (7,((6,((3,4):4.597602456968431,((2,1):0.20078733400049117)#H9:0.0::0.9678207687704807):1.530500162982953):0.8005397258710467,5):1.8192635650553355,(8,#H9:8.033117112343042::0.03217923122951926):5.562055885828497);, with -loglik 40.41423284103717
 (7,((6,((3,4):4.597602456968431,((2,1):0.20078733400049117)#H9:0.0::0.9678207687704807):1.530500162982953):0.8005397258710467,5):1.8192635650553355,(8,#H9:8.033117112343042::0.03217923122951926):5.562055885828497);, with -loglik 40.41423284103717
 (7,((6,((3,4):4.597602456968431,((2,1):0.20078733400049117)#H9:0.0::0.9678207687704807):1.530500162982953):0.8005397258710467,5):1.8192635650553355,(8,#H9:8.033117112343042::0.03217923122951926):5.562055885828497);, with -loglik 40.41423284103717
 (7,((6,((3,4):4.597602456968431,((2,1):0.20078733400049117)#H9:0.0::0.9678207687704807):1.530500162982953):0.8005397258710467,5):1.8192635650553355,(8,#H9:8.033117112343042::0.03217923122951926):5.562055885828497);, with -loglik 40.41423284103717
 (7,((((3,4):4.5976837345338,((2,1):0.20073187239666598)#H9:0.0::0.9678761818556442):1.5300556675759385,6):0.8004325165249571,5):1.8189549666369556,(8,#H9:9.724034498167915::0.032123818144355845):9.999998635455313);, with -loglik 40.41424868928289
 (7,((((3,4):4.597742541265516,((2,1):0.20073594939519204)#H9:0.0::0.9678770047330676):1.5300464675575987,6):0.800431632815011,5):1.8189551630031173,(8,#H9:9.354103365598748::0.032122995266932367):9.821252358583568);, with -loglik 40.41425047234186
 (((((3,4):4.597528816855362,((2,1):0.200845434276708)#H9:0.0::0.9677586387102223):1.5309991814756756,6):0.8006616323364485,5):1.8195896174187438,7,(8,#H9:9.949187577587722::0.032241361289777754):4.8194083607163565);, with -loglik 40.414485385875885
 (((((3,4):4.598667293963065,((2,1):0.20093972982607172)#H9:0.0::0.9675719084610553):1.5324759883433101,6):0.8011983985059515,5):1.8210142514918968,7,(8,#H9:9.951911094703016::0.03242809153894469):3.871266652546064);, with -loglik 40.417017627191676
 ((6,((3,4):4.597799094231454,((2,1):0.2014683516592145)#H9:0.0::0.967476878868439):1.5332840249428237):0.80102828077658,5,(7,(#H9:9.81001768631845::0.03252312113156095,8):3.6214325510407828):1.8215791263469363);, with -loglik 40.41912320243823
 (7,((6,((3,4):4.645642457570854,(2,(1,#H9:::0.033299645687420804):2.039657661213254):0.1796157202213746):1.3634468338620542):0.7729243484360548,5):2.015363910523405,(8)#H9:::0.9667003543125792);, with -loglik 48.921162719446926
 ((5,(6,((3,4):4.64557540520401,(2,(1,#H9:::0.0333109953544025):2.0359288838693326):0.1795941537612624):1.3634423213409779):0.7729613797702027):2.0156333467057053,7,(8)#H9:::0.9666890046455975);, with -loglik 48.92116566670619
 (7,8,(((6,((3,4):4.586602618663114,((2,1):0.2079539032344324)#H9:0.0::0.9599922378301665):1.5769226323681684):0.8074834685974797,5):1.7757017546709888,#H9:8.72133695047479::0.04000776216983346):0.0);, with -loglik 50.771304096987166
 (7,((6,((2,1):0.1640117741720606,((3,4):4.653162084837744,#H9:9.461930415995656::0.03648264362329734):0.0):1.3456742921443074):0.7724330038498195,5):2.0096810324264007,(8)#H9:6.28878771310841::0.9635173563767027);, with -loglik 60.34956054177813
 (3,4,((5,(((8,(7,#H14:::0.0):3.025565454933252):1.9403842120645762,(6)#H14:::1.0):0.0)#H9:0.0::0.8309846207219578):4.733220212044715,(#H9:4.090952091314258e-14::0.16901537927804225,(1,2):0.16770985470747082):5.54431792159677e-15):4.733166073407597);, with -loglik 264.80888426227915
-------
