(7,((6,((3,4):4.5976273079666425,((2,1):0.20079827940234427)#H9:0.0::0.9678309208327199):1.5304322374676431):0.8005224137940528,5):1.8192212632140756,(8,#H9:2.961724682759902::0.03216907916728003):5.7471059827376525); -Ploglik = 40.41377683154781
 Dendroscope: (7,((6,((3,4):4.5976273079666425,((2,1):0.20079827940234427)#H9:0.0):1.5304322374676431):0.8005224137940528,5):1.8192212632140756,(8,#H9:2.961724682759902):5.7471059827376525);
 Elapsed time: 427.1 seconds, 15 attempted runs
-------
List of estimated networks for all runs (sorted by log-pseudolik; the smaller, the better):
 (7,((6,((3,4):4.5976273079666425,((2,1):0.20079827940234427)#H9:0.0::0.9678309208327199):1.5304322374676431):0.8005224137940528,5):1.8192212632140756,(8,#H9:2.961724682759902::0.03216907916728003):5.7471059827376525);, with -loglik 40.41377683154781
 (7,((6,((3,4):4.5976273079666425,((2,1):0.20079827940234427)#H9:0.0::0.9678309208327199):1.5304322374676431):0.8005224137940528,5):1.8192212632140756,(8,#H9:2.961724682759902::0.03216907916728003):5.7471059827376525);, with -loglik 40.41377683154781
 (7,((6,((3,4):4.5976273079666425,((2,1):0.20079827940234427)#H9:0.0::0.9678309208327199):1.5304322374676431):0.8005224137940528,5):1.8192212632140756,(8,#H9:2.961724682759902::0.03216907916728003):5.7471059827376525);, with -loglik 40.41377683154781
 (7,((6,((3,4):4.5976273079666425,((2,1):0.20079827940234427)#H9:0.0::0.9678309208327199):1.5304322374676431):0.8005224137940528,5):1.8192212632140756,(8,#H9:2.961724682759902::0.03216907916728003):5.7471059827376525);, with -loglik 40.41377683154781
 (7,((6,((3,4):4.5976273079666425,((2,1):0.20079827940234427)#H9:0.0::0.9678309208327199):1.5304322374676431):0.8005224137940528,5):1.8192212632140756,(8,#H9:2.961724682759902::0.03216907916728003):5.7471059827376525);, with -loglik 40.41377683154781
 (7,((((3,4):4.597667204104464,((2,1):0.2007785499495727)#H9:::0.967829154975765):1.5304372012137084,6):0.8005286492206161,5):1.8192138892837184,(#H9:::0.032170845024235,8):5.737642847574232);, with -loglik 40.414220464378374
 (7,((6,((3,4):4.59749863320328,((2,1):0.20082403050656786)#H9:0.0::0.9677863586046569):1.5307756207020813):0.8006112990711711,5):1.8194398014150654,(8,#H9:5.892335927391653::0.03221364139534314):5.09633848790617);, with -loglik 40.41431048740387
 (((((3,4):4.597411716107424,((2,1):0.20092593404489806)#H9:0.0::0.9677053594501956):1.5314241902592662,6):0.8007575509068559,5):1.8198840243315006,7,(8,#H9:6.405097226636903::0.032294640549804327):4.4462189957774205);, with -loglik 40.41491968890826
 (7,((6,((3,4):4.597294939571962,((2,1):0.2009502982939852)#H9:0.0::0.9675501241055792):1.532593315871412):0.8010120077843984,5):1.8209058055852272,(8,#H9:5.802378908617946::0.032449875894420874):3.78379255365967);, with -loglik 40.41757564967917
 (7,((6,((3,4):4.6456501732885505,(2,(1,#H9:::0.033299613987842654):2.039672074896202):0.17961620172101964):1.3634471023260522):0.7729244440481534,5):2.015364374861643,(8)#H9:::0.9667003860121574);, with -loglik 48.92116271938123
 ((7,(8)#H9:::0.966700400398372):2.015362248649125,(6,((3,4):4.645644594909229,(2,(1,#H9:::0.033299599601627934):2.0396590541022674):0.1796157703481561):1.3634469210258509):0.7729240470861902,5);, with -loglik 48.92116271944236
 (5,(((6,((3,4):4.514948676655276,((2,1):0.24722441266027792)#H9:0.0::0.9066986387783846):1.8895918906810574):0.8376620734752058,#H9:9.99742947948205::0.0933013612216154):0.0)#H10:0.0::0.9999309820164521,(7,(8,#H10:0.4490108915713908::6.90179835479012e-5):5.233197561157963):1.547139175005504);, with -loglik 56.767660079898945
 (7,((6,((2,1):0.1640106950651346,((3,4):4.6531518321549505,#H9:8.088978675872447::0.03648225954884828):0.0):1.345673481420163):0.7724323314584337,5):2.0096734725610395,(8)#H9:6.697003904367503::0.9635177404511517);, with -loglik 60.34956054183276
 (7,(5,(#H10:::0.03155566707730466,(((1,2):0.1626153049438701,(3,(4)#H12:::0.9952902965039254):6.351352464013684):1.2777211677064828,(6,#H12:::0.004709703496074593):9.803787943255108):0.0):0.7349363791264271):1.7666526938259033,(8)#H10:::0.9684443329226954);, with -loglik 68.6531002857954
 (5,(8,(7,#H14:0.0::0.0):0.24854497418511853):1.534273113226162,(6,(((4,(3)#H9:::0.9872933692257697):9.999999999999998,(1,(#H9:::0.012706630774230286,2):0.4375000000000001):0.1638127902221255):1.2426212166627484)#H14:0.0::1.0):0.670116437653643);, with -loglik 72.2050499572123
-------
