(7,((6,((3,4):4.597570885974262,((2,1):0.2010927693293844)#H9:0.0::0.9678816743760191):1.530357657482544):0.8004855926710981,5):1.8191275328023238,(8,#H9:0.004905608285859962::0.03211832562398082):5.923773488299028); -Ploglik = 40.4061796995418
 Dendroscope: (7,((6,((3,4):4.597570885974262,((2,1):0.2010927693293844)#H9:0.0):1.530357657482544):0.8004855926710981,5):1.8191275328023238,(8,#H9:0.004905608285859962):5.923773488299028);
 Elapsed time: 259.59 seconds, 15 attempted runs
-------
List of estimated networks for all runs (sorted by log-pseudolik; the smaller, the better):
 (7,((6,((3,4):4.597570885974262,((2,1):0.2010927693293844)#H9:0.0::0.9678816743760191):1.530357657482544):0.8004855926710981,5):1.8191275328023238,(8,#H9:0.004905608285859962::0.03211832562398082):5.923773488299028);, with -loglik 40.4061796995418
 (7,((6,((3,4):4.597570885974262,((2,1):0.2010927693293844)#H9:0.0::0.9678816743760191):1.530357657482544):0.8004855926710981,5):1.8191275328023238,(8,#H9:0.004905608285859962::0.03211832562398082):5.923773488299028);, with -loglik 40.4061796995418
 (7,((6,((3,4):4.597570885974262,((2,1):0.2010927693293844)#H9:0.0::0.9678816743760191):1.530357657482544):0.8004855926710981,5):1.8191275328023238,(8,#H9:0.004905608285859962::0.03211832562398082):5.923773488299028);, with -loglik 40.4061796995418
 (7,((6,((3,4):4.597570885974262,((2,1):0.2010927693293844)#H9:0.0::0.9678816743760191):1.530357657482544):0.8004855926710981,5):1.8191275328023238,(8,#H9:0.004905608285859962::0.03211832562398082):5.923773488299028);, with -loglik 40.4061796995418
 (7,((6,((3,4):4.597570885974262,((2,1):0.2010927693293844)#H9:0.0::0.9678816743760191):1.530357657482544):0.8004855926710981,5):1.8191275328023238,(8,#H9:0.004905608285859962::0.03211832562398082):5.923773488299028);, with -loglik 40.4061796995418
 (7,((6,((3,4):4.597544724249846,((2,1):0.20112511142039327)#H9:0.0::0.9678374760679398):1.5305104555645106):0.8007219259293513,5):1.8195500190076146,(8,#H9:0.0::0.032162523932060164):5.094703385918523);, with -loglik 40.40632741580634
 (7,((6,((3,4):4.597483153472759,((2,1):0.20110902692927995)#H9:0.0::0.9678050521486112):1.5308572658133421):0.8006352426452539,5):1.8195329358868422,(8,#H9:0.20699762024499863::0.03219494785138878):4.975419884157407);, with -loglik 40.40779330097622
 (7,((((3,4):4.596136072857657,((2,1):0.20146695165245768)#H9:0.0::0.9675830522742995):1.5327471783343514,6):0.8011486942834495,5):1.8206388929234054,(8,#H9:0.0003854041699508571::0.03241694772570043):3.791028345027759);, with -loglik 40.4098146042478
 (((((3,4):4.597472734767871,((2,1):0.20086968507813993)#H9:0.0::0.9677865486053236):1.5308036854181557,6):0.8006161077306572,5):1.819483365444396,7,(8,#H9:2.3510055006876676::0.03221345139467638):5.06417365791229);, with -loglik 40.4135336558257
 (7,((6,((3,4):4.598579690979917,((2,1):0.20099755096496486)#H9:0.0::0.9676624874006651):1.5317927725162226):0.8007413174654174,5):1.8203259498476843,(8,#H9:2.988917166480861::0.032337512599334976):4.269290433976071);, with -loglik 40.414906852326155
 (7,((((3,4):4.645647478591653,(2,(1,#H9:::0.03329946366996716):2.0396940065633):0.17961590531380145):1.3634461171511734,6):0.7729240473784627,5):2.015362076075148,(8)#H9:::0.9667005363300328);, with -loglik 48.92116271953996
 ((7,(8)#H9:::0.9667001808939377):2.015359438981334,(6,((3,4):4.64564909059163,(2,(1,#H9:::0.03329981910606222):2.039699912211908):0.1796176110459256):1.3634431702646992):0.7729266514395249,5);, with -loglik 48.92116272566755
 ((5,(((6,((3,4):4.5210612094091704,((2,1):0.24331497045977224)#H9:0.0::0.9135587484582957):1.858420140007391):0.9281757735240371,#H9:4.530732416994249::0.08644125154170434):0.0)#H12:0.0008583864726139942::0.9098354190489146):2.238184893542059,7,(8,#H12:0.5381239659603917::0.09016458095108543):0.18321701677578983);, with -loglik 54.872001434989336
 (7,((6,((2,1):0.16401041271585678,((3,4):4.653159486551974,#H9:2.887570827705645::0.03648276986913723):0.0):1.3456762432515672):0.7724330248480005,5):2.009689966276876,(8)#H9:6.524833492196996::0.9635172301308628);, with -loglik 60.34956054482029
 (3,4,((1,(2,(((5,(8,(7)#H9:::0.976413299933451):1.7304609367898676):0.7460717642157859,(6,#H9:::0.02358670006654893):7.566799587713574):1.2867791963314772)#H10:0.0::0.7016386266797026):0.0):0.7464153218266211,#H10:7.816498702079051::0.29836137332029744):4.184832915279586);, with -loglik 69.20871617679556
-------
