(7,((6,((3,4):4.5976333822563085,((2,1):0.2010948173893822)#H9:0.0::0.9678825134742095):1.530293553677313):0.800482367621895,5):1.8191497069978664,(8,#H9:5.201649161883346e-5::0.03211748652579045):6.083840509977673); -Ploglik = 40.406137300634406
 Dendroscope: (7,((6,((3,4):4.5976333822563085,((2,1):0.2010948173893822)#H9:0.0):1.530293553677313):0.800482367621895,5):1.8191497069978664,(8,#H9:5.201649161883346e-5):6.083840509977673);
 Elapsed time: 224.02 seconds, 15 attempted runs
-------
List of estimated networks for all runs (sorted by log-pseudolik; the smaller, the better):
 (7,((6,((3,4):4.5976333822563085,((2,1):0.2010948173893822)#H9:0.0::0.9678825134742095):1.530293553677313):0.800482367621895,5):1.8191497069978664,(8,#H9:5.201649161883346e-5::0.03211748652579045):6.083840509977673);, with -loglik 40.406137300634406
 (7,((6,((3,4):4.5976333822563085,((2,1):0.2010948173893822)#H9:0.0::0.9678825134742095):1.530293553677313):0.800482367621895,5):1.8191497069978664,(8,#H9:5.201649161883346e-5::0.03211748652579045):6.083840509977673);, with -loglik 40.406137300634406
 (7,((6,((3,4):4.5976333822563085,((2,1):0.2010948173893822)#H9:0.0::0.9678825134742095):1.530293553677313):0.800482367621895,5):1.8191497069978664,(8,#H9:5.201649161883346e-5::0.03211748652579045):6.083840509977673);, with -loglik 40.406137300634406
 (7,((6,((3,4):4.5976333822563085,((2,1):0.2010948173893822)#H9:0.0::0.9678825134742095):1.530293553677313):0.800482367621895,5):1.8191497069978664,(8,#H9:5.201649161883346e-5::0.03211748652579045):6.083840509977673);, with -loglik 40.406137300634406
 (7,((6,((3,4):4.5976333822563085,((2,1):0.2010948173893822)#H9:0.0::0.9678825134742095):1.530293553677313):0.800482367621895,5):1.8191497069978664,(8,#H9:5.201649161883346e-5::0.03211748652579045):6.083840509977673);, with -loglik 40.406137300634406
 (3,4,((6,(5,((#H9:0.05044912953038435::0.032097575479145116,8):7.469472868848235,7):1.8192402216849235):0.8003398082094587):1.5301630448582844,((2,1):0.20101595124523272)#H9:0.0::0.9679024245208548):4.597841099628737);, with -loglik 40.40652635944511
 (7,((6,((3,4):4.597305447413073,((2,1):0.20123880638671457)#H9:0.0::0.9677664726529795):1.5312673608983818):0.8007105890743705,5):1.8197127465943792,(8,#H9:0.0001622224041335937::0.03223352734702044):4.612863997561971);, with -loglik 40.40673590837132
 (7,((6,((3,4):4.597448462088527,((2,1):0.20129555085828205)#H9:0.0::0.9676577967778588):1.5320744583258183):0.8008626610444367,5):1.8203608449961748,(8,#H9:0.005252814179380623::0.032342203222141236):4.017831962709108);, with -loglik 40.408433057929564
 (((6,((3,4):4.597056329429511,((2,1):0.2016189154136397)#H9:0.0::0.9676082661898026):1.5324986813493708):0.8012074813909854,5):1.820383317283584,7,(8,#H9:7.584454224401445e-5::0.03239173381019746):3.9020669525951424);, with -loglik 40.40907343208809
 ((7,(8)#H9:::0.9667004381022914):2.015363598280676,(6,((3,4):4.645647000703882,(2,(1,#H9:::0.033299561897708566):2.0396809223522614):0.17961555005631769):1.3634469866217984):0.7729248907454325,5);, with -loglik 48.92116271942882
 (7,((((3,4):4.645649153167885,(2,(1,#H9:::0.03329977339328529):2.039603655976068):0.17961547201971387):1.3634471208967667,6):0.7729244101800414,5):2.0153653386297568,(8)#H9:::0.9667002266067147);, with -loglik 48.92116271994541
 (7,((((3,4):4.645646001386325,(2,(1,#H9:::0.033299388666304525):2.0397671479511925):0.1796159450212776):1.3634466372639917,6):0.772924228009902,5):2.0153588299402325,(8)#H9:::0.9667006113336954);, with -loglik 48.92116272060204
 (7,((((3,4):4.645659709365671,(2,(1,#H9:::0.033299790679452):2.039507677104605):0.17961734663832216):1.3634469188228853,6):0.7729248031199294,5):2.015364223412893,(8)#H9:::0.966700209320548);, with -loglik 48.92116272401946
 (7,(5,((#H9:0.014113357817949436::0.08546549215920865,(6,((3,4):4.533634248540858,((2,1):0.25026668560705695)#H9:0.0::0.9145345078407914):1.8426489783931244):0.9040938293862298):0.0)#H10:0.0::0.9339830405232495):1.993020176872649,(8,#H10:0.0::0.06601695947675043):0.14067982265326964);, with -loglik 55.19495429203599
 (8,((6,((2,1):0.1606536725379359,(3,(#H9:::0.011089768434653298,4):0.0):4.848291152589347):1.310076649298049):0.7401740738715589,5):1.721520449382116,(7)#H9:::0.9889102315653467);, with -loglik 65.03727225244361
-------
