(7,((6,((3,4):4.597640886145719,((2,1):0.20108971805723536)#H9:0.0::0.9678875559916714):1.530252485064035):0.8004710902795277,5):1.8191260319631102,(8,#H9:5.512355731405282e-7::0.032112444008328585):6.243026702667014); -Ploglik = 40.40613457528515
 Dendroscope: (7,((6,((3,4):4.597640886145719,((2,1):0.20108971805723536)#H9:0.0):1.530252485064035):0.8004710902795277,5):1.8191260319631102,(8,#H9:5.512355731405282e-7):6.243026702667014);
 Elapsed time: 196.42 seconds, 15 attempted runs
-------
List of estimated networks for all runs (sorted by log-pseudolik; the smaller, the better):
 (7,((6,((3,4):4.597640886145719,((2,1):0.20108971805723536)#H9:0.0::0.9678875559916714):1.530252485064035):0.8004710902795277,5):1.8191260319631102,(8,#H9:5.512355731405282e-7::0.032112444008328585):6.243026702667014);, with -loglik 40.40613457528515
 (7,((6,((3,4):4.597640886145719,((2,1):0.20108971805723536)#H9:0.0::0.9678875559916714):1.530252485064035):0.8004710902795277,5):1.8191260319631102,(8,#H9:5.512355731405282e-7::0.032112444008328585):6.243026702667014);, with -loglik 40.40613457528515
 (7,((6,((3,4):4.597640886145719,((2,1):0.20108971805723536)#H9:0.0::0.9678875559916714):1.530252485064035):0.8004710902795277,5):1.8191260319631102,(8,#H9:5.512355731405282e-7::0.032112444008328585):6.243026702667014);, with -loglik 40.40613457528515
 (7,((6,((3,4):4.597640886145719,((2,1):0.20108971805723536)#H9:0.0::0.9678875559916714):1.530252485064035):0.8004710902795277,5):1.8191260319631102,(8,#H9:5.512355731405282e-7::0.032112444008328585):6.243026702667014);, with -loglik 40.40613457528515
 (7,((6,((3,4):4.597640886145719,((2,1):0.20108971805723536)#H9:0.0::0.9678875559916714):1.530252485064035):0.8004710902795277,5):1.8191260319631102,(8,#H9:5.512355731405282e-7::0.032112444008328585):6.243026702667014);, with -loglik 40.40613457528515
 (((((3,4):4.597921239692663,((2,1):0.20105574473713933)#H9:0.0::0.9678941257076839):1.5301871495924375,6):0.8004925525588078,5):1.8191405345138136,7,(8,#H9:3.3072872915331325e-6::0.032105874292316164):7.052040434379482);, with -loglik 40.40614228065094
 (7,((((3,4):4.59757332677334,((2,1):0.2011485676534824)#H9:0.0::0.9678237693872954):1.5307791741523866,6):0.8005960827052678,5):1.819464554044369,(8,#H9:5.586880736340571e-5::0.03217623061270462):5.06868412688769);, with -loglik 40.40633085611603
 (7,((6,((3,4):4.597644855967228,((2,1):0.20180164074646587)#H9:0.0::0.9673675015644007):1.5341997596625165):0.8014836442161775,5):1.8215707508999621,(8,#H9:4.46347813260583e-5::0.03263249843559937):3.3077833352186867);, with -loglik 40.41627237580233
 (7,((6,((3,4):4.593315536762553,((2,1):0.20183801611556162)#H9:0.0::0.9672571908055941):1.5350348703923389):0.8017889158867184,5):1.8210660839047847,(8,#H9:3.792653516313041e-5::0.032742809194405836):3.1472250059503812);, with -loglik 40.420356781272034
 ((5,(6,((3,4):4.645649659141947,(2,(1,#H9:::0.03329955190655803):2.0396833463300195):0.1796161132148659):1.3634470995238508):0.7729246254166936):2.0153638787171846,7,(8)#H9:::0.966700448093442);, with -loglik 48.921162719414
 (7,((((3,4):4.645623375111668,(2,(1,#H9:::0.033299923313774904):2.0395008638803094):0.1796160583665971):1.363448996462077,6):0.772925317833621,5):2.015367800963031,(8)#H9:::0.966700076686225);, with -loglik 48.921162725075405
 (7,((6,((((3,4):4.654799184662772,((2,1):0.0)#H10:0.3299949731975642::0.7341564693675966):0.0,#H10:0.0::0.26584353063240346):0.0)#H9:1.610933951142479::0.9767253773340061):0.8370694590278955,5):1.9222950923644546,(8,#H9:0.00015461831584053458::0.023274622665993908):4.82999496799016);, with -loglik 51.67119568355404
 (7,((6,((((3,4):4.635358190515454,(2,(1)#H10:::0.7939102972951086):0.24228656013733305):0.20490279318306023,#H10:::0.2060897027048914):0.0)#H9:::0.9760035075385419):0.8317406332363199,5):1.9172344227072171,(#H9:::0.02399649246145808,8):10.0);, with -loglik 52.05477698278745
 (3,4,(((2,1):0.2545051678517619)#H9:0.0::0.9095854694091625,(6,(#H9:0.00020352686288620424::0.09041453059083743,(((#H12:::0.0,8):9.489802204765799e-8,7):1.5071598220556335,(5)#H12:::1.0):0.0):0.8374171646756294):1.87106102321866):4.533045319989403);, with -loglik 57.03106976144427
 (8,((#H9:::0.06806111517035376,(6,((3,4):4.605575390651932,(2,(1)#H9:::0.9319388848296463):0.22187339778986703):1.4606331469034595):0.7575354006347079):0.0,(5,#H10:::0.0036884394951795926):1.5657719356804636):1.5657719356804636,(7)#H10:::0.9963115605048204);, with -loglik 59.719586012375
-------
