(8,6,((2,((3,5):0.1730226462945882,(7,4):1.5180344833765076):1.278834945763429):0.1376372580715376,1):4.140081060949047); -Ploglik = 85.18401204419185
 Dendroscope: (8,6,((2,((3,5):0.1730226462945882,(7,4):1.5180344833765076):1.278834945763429):0.1376372580715376,1):4.140081060949047);
 Elapsed time: 142.28 seconds, 15 attempted runs
-------
List of estimated networks for all runs (sorted by log-pseudolik; the smaller, the better):
 (8,6,((2,((3,5):0.1730226462945882,(7,4):1.5180344833765076):1.278834945763429):0.1376372580715376,1):4.140081060949047);, with -loglik 85.18401204419185
 (8,6,((2,((4,7):1.5180345605353245,(3,5):0.17302255242163148):1.2788349800217342):0.13763717988121377,1):4.140080845829674);, with -loglik 85.18401204419325
 ((1,(8,6):4.14008116797026):0.1376373712808739,((3,5):0.1730227019252106,(7,4):1.518034314185627):1.2788348661091986,2);, with -loglik 85.184012044214
 (8,6,((2,((3,5):0.1730228890330724,(7,4):1.518034442796128):1.2788350385170464):0.13763710592000136,1):4.140081507343564);, with -loglik 85.18401204424059
 (8,6,((((3,5):0.17302287310747508,(7,4):1.5180340595244899):1.2788348681483108,2):0.137637278637105,1):4.140079010986516);, with -loglik 85.18401204427828
 (8,6,(1,(((3,5):0.17302201499695108,(7,4):1.5180344421786025):1.2788352037497968,2):0.13763738917583765):4.140080189264588);, with -loglik 85.18401204441832
 (8,6,(1,(((3,5):0.173022511984611,(7,4):1.5180333795059737):1.2788347652593084,2):0.1376368560973871):4.140079041382292);, with -loglik 85.1840120444719
 (8,6,((2,((3,5):0.17302233550795687,(7,4):1.5180345218876443):1.27883587656777):0.1376370959429705,1):4.140076184748748);, with -loglik 85.18401204453913
 (8,6,((2,((7,4):1.5180335635685167,(3,5):0.17302275420845187):1.278834924983773):0.1376374178725552,1):4.140074524909405);, with -loglik 85.18401204453995
 (8,6,((2,((3,5):0.17302174743708693,(7,4):1.5180353793525303):1.2788349659056466):0.13763723149180476,1):4.140084766335897);, with -loglik 85.18401204471739
 ((1,(6,8):4.140079843410782):0.1376365996543314,((3,5):0.1730225146330122,(7,4):1.5180354455605511):1.278836379477076,2);, with -loglik 85.18401204484836
 (8,6,(1,(((3,5):0.1730216592117286,(7,4):1.518036240668646):1.278835397660938,2):0.1376370186669847):4.140091063904483);, with -loglik 85.18401204544183
 (8,6,((((7,4):1.5180343086334664,(5,3):0.17302425181610948):1.278834730827652,2):0.13763745988582418,1):4.14008000359445);, with -loglik 85.18401204571991
 (8,6,((2,((3,5):0.17302179914281265,(7,4):1.518039127372016):1.2788351186728792):0.13763750692221813,1):4.1400833074215715);, with -loglik 85.18401204639059
 (8,6,((2,((7,4):1.5180401093108975,(3,5):0.17302210838005114):1.2788338902405831):0.137635838535615,1):4.140052805228727);, with -loglik 85.18401205307633
-------
