(8,6,(((3,5):0.1567856907162777,(#H9:::0.2037533733524,(4,7):1.2627188876008042):0.2783174272613227):1.9056257815778477,(1,(2)#H9:::0.7962466266476):0.27207669247331806):4.04822354289961); -Ploglik = 26.240603842526912
 Dendroscope: (8,6,(((3,5):0.1567856907162777,(#H9,(4,7):1.2627188876008042):0.2783174272613227):1.9056257815778477,(1,(2)#H9):0.27207669247331806):4.04822354289961);
 Elapsed time: 332.6 seconds, 15 attempted runs
-------
List of estimated networks for all runs (sorted by log-pseudolik; the smaller, the better):
 (8,6,(((3,5):0.1567856907162777,(#H9:::0.2037533733524,(4,7):1.2627188876008042):0.2783174272613227):1.9056257815778477,(1,(2)#H9:::0.7962466266476):0.27207669247331806):4.04822354289961);, with -loglik 26.240603842526912
 (8,6,((1,(2)#H9:::0.7962466459325714):0.27207622667043846,((5,3):0.1567855555505416,((7,4):1.2627180822903123,#H9:::0.2037533540674286):0.2783181615839369):1.9056266270102016):4.04822406924047);, with -loglik 26.240603842549636
 (8,6,(((5,3):0.15678573368424215,((7,4):1.262718865357338,#H9:::0.20375334084246122):0.2783169574789786):1.9056250443424636,(1,(2)#H9:::0.7962466591575388):0.27207619998137694):4.048224212486663);, with -loglik 26.240603842557714
 (8,6,((1,(2)#H9:::0.7962466606339531):0.2720762429048727,((3,5):0.1567852358282398,((7,4):1.262718125615377,#H9:::0.20375333936604684):0.27831760838597164):1.9056262720542023):4.048224551298399);, with -loglik 26.240603842565466
 (8,6,((1,(2)#H9:::0.7962465889110519):0.27207628289552255,((3,5):0.15678577393896823,((7,4):1.2627175720235986,#H9:::0.203753411088948):0.2783175402369649):1.9056254846265646):4.048220548084996);, with -loglik 26.240603842700278
 (8,6,((1,(2)#H9:::0.7962468914367022):0.2720756444747783,(((7,4):1.2627184869617722,#H9:::0.20375310856329776):0.27831865336784384,(3,5):0.1567857618719049):1.9056260152363234):4.048223991779729);, with -loglik 26.240603842781013
 (8,6,((1,(2)#H9:::0.7962469767878955):0.27207588788400827,((3,5):0.15678637754090205,((4,7):1.2627165174369204,#H9:::0.20375302321210448):0.27831954202146353):1.9056254791564116):4.048225776229532);, with -loglik 26.240603843242706
 (8,6,(((3,5):0.15678661860827342,((7,4):1.2627219751884122,#H9:::0.20375309753363624):0.27831572493631274):1.9056176844440968,(1,(2)#H9:::0.7962469024663638):0.2720753968881493):4.04821585020338);, with -loglik 26.240603848370583
 (8,6,((1,(2)#H9:::0.9079587817651182):0.09793004872894626,((3,5):0.1465610141064367,(7,(4,#H9:::0.09204121823488176):0.5048282262791058):1.694914225150222):1.6421898931558259):4.117723579317311);, with -loglik 40.60889755123475
 (3,5,((1,(((8,6):4.303826782538208,2):0.0)#H9:0.0::0.8047429216950626):6.531081577088391,((4,7):1.479252668085438,#H9:0.0::0.19525707830493746):0.048690362120062836):0.16500615750666198);, with -loglik 46.778764466617915
 (8,6,(1,(((3,5):0.1481916040610486,(7,(4,#H9:::0.07867811325718024):0.6396233013885104):1.687594616224691):1.603094006016653,(2)#H9:::0.9213218867428198):0.028953009014695837):4.128639919056211);, with -loglik 54.08161009110901
 (5,3,(((7,4):1.4958155275819638,(1,(((8,6):4.303592512074232,2):0.0)#H9:0.0::0.8210033567989761):4.6588116010308696):0.1485347032133985,#H9:8.13551893422056e-6::0.17899664320102396):8.36425072455518e-7);, with -loglik 54.09396963811089
 (8,6,((1,(2,(((3,5):0.17926755912355882,(7,4):1.5155479351284624):1.3410136918250903)#H9:0.0::0.8766904487633):0.2384265203769557):2.4093546348951467,#H9:0.635036896732023::0.12330955123669994):2.5612923670792727);, with -loglik 66.1577798627843
 (8,6,(((((4,7):1.4674140251430734,(3,#H9:::0.21465919902305552):3.412984023390034):0.1302820862002964,(5)#H9:::0.7853408009769445):1.204239786722195,2):0.13764181661600144,1):4.140095921698358);, with -loglik 77.75099536426495
 (1,(8,(6,#H9:0.19202062996205885::0.005210789331553149):0.5780604482833558):5.1715962655244345,((2,((3,5):0.17302446712583897,(7,4):1.5180496747400833):1.2790654189182806):0.0)#H9:0.14626304163609535::0.9947892106684468);, with -loglik 84.67951829759342
-------
