optimization of topology, BL and inheritance probabilities using:
 hmax = 1,
 tolerance parameters: ftolRel=1.0e-6, ftolAbs=1.0e-6,
                       xtolAbs=0.001, xtolRel=0.01.
 max number of failed proposals = 75, liktolAbs = 1.0e-6.
rootname for files: net1
BEGIN: 15 runs on starting tree (8,6,((2,((3,5):0.1730226462945882,(7,4):1.5180344833765076):1.278834945763429):0.1376372580715376,1):4.140081060949047);
       using 16 processors

main seed 1234
seed: 1234 for run 1
seed: 59084 for run 2
seed: 76679 for run 3
seed: 56623 for run 4
seed: 46008 for run 5
seed: 79402 for run 6
seed: 85414 for run 7
seed: 20058 for run 8
seed: 29861 for run 9
seed: 24683 for run 10
seed: 57967 for run 11
seed: 64888 for run 12
seed: 1090 for run 13
seed: 6642 for run 14
seed: 95675 for run 15

2023-10-06 13:43:11.439
MaxNet is (8,6,(((3,5):0.1567856907162777,(#H9:::0.2037533733524,(4,7):1.2627188876008042):0.2783174272613227):1.9056257815778477,(1,(2)#H9:::0.7962466266476):0.27207669247331806):4.04822354289961); 
with -loglik 26.240603842526912
