(((4,7):1.4563476326638902,((((8,6):4.03459180564684,(1,(2)#H9:::0.7855390256742875):0.27917321296033165):1.9407499541481454,#H9:::0.21446097432571254):0.0)#H10:0.0::0.9110781132077611):0.2532581696705596,3,(5,#H10:0.14629375534032182::0.08892188679223885):5.624841837057346); -Ploglik = 24.979846909715736
 Dendroscope: (((4,7):1.4563476326638902,((((8,6):4.03459180564684,(1,(2)#H9):0.27917321296033165):1.9407499541481454,#H9):0.0)#H10:0.0):0.2532581696705596,3,(5,#H10:0.14629375534032182):5.624841837057346);
 Elapsed time: 799.35 seconds, 15 attempted runs
-------
List of estimated networks for all runs (sorted by log-pseudolik; the smaller, the better):
 (((4,7):1.4563476326638902,((((8,6):4.03459180564684,(1,(2)#H9:::0.7855390256742875):0.27917321296033165):1.9407499541481454,#H9:::0.21446097432571254):0.0)#H10:0.0::0.9110781132077611):0.2532581696705596,3,(5,#H10:0.14629375534032182::0.08892188679223885):5.624841837057346);, with -loglik 24.979846909715736
 (8,6,((1,(2)#H9:::0.7684615537405328):0.2909518073655335,((((4,7):1.3719999695820113,#H10:::0.49711232406124123):0.1999511467809999,((3)#H10:::0.5028876759387588,5):0.5145236592725481):0.0,#H9:::0.2315384462594672):1.8242889012991306):4.039935648170496);, with -loglik 25.934401955457865
 (8,6,((1,(2)#H9:::0.7687695541250441):0.2911076909058776,(#H9:::0.2312304458749559,((5,(3)#H10:::0.5256744456787303):0.4865100106191389,((4,7):1.361258628489346,#H10:::0.4743255543212697):0.21258520682211937):0.0):1.8222028357459399):4.041454329701784);, with -loglik 25.94665227740446
 (8,6,(((3,5):0.1567856503848043,(#H9:::0.2037533650301266,(4,7):1.2627187700268636):0.27831758388292566):1.905626015571711,(1,(2)#H9:::0.7962466349698734):0.27207661411157374):4.048224432837001);, with -loglik 26.240603842513504
 (8,6,(((3,5):0.1567856503848043,(#H9:::0.2037533650301266,(4,7):1.2627187700268636):0.27831758388292566):1.905626015571711,(1,(2)#H9:::0.7962466349698734):0.27207661411157374):4.048224432837001);, with -loglik 26.240603842513504
 (8,6,(((3,5):0.1567856503848043,(#H9:::0.2037533650301266,(4,7):1.2627187700268636):0.27831758388292566):1.905626015571711,(1,(2)#H9:::0.7962466349698734):0.27207661411157374):4.048224432837001);, with -loglik 26.240603842513504
 (8,6,(((3,5):0.1567856503848043,(#H9:::0.2037533650301266,(4,7):1.2627187700268636):0.27831758388292566):1.905626015571711,(1,(2)#H9:::0.7962466349698734):0.27207661411157374):4.048224432837001);, with -loglik 26.240603842513504
 (8,6,(((3,5):0.1567856503848043,(#H9:::0.2037533650301266,(4,7):1.2627187700268636):0.27831758388292566):1.905626015571711,(1,(2)#H9:::0.7962466349698734):0.27207661411157374):4.048224432837001);, with -loglik 26.240603842513504
 (8,(((3,5):0.15678537356650282,(#H9:::0.2037531884377775,(4,7):1.2627195836616985):0.27831770256073834):1.9056256223409072,(1,(2)#H9:::0.7962468115622225):0.2720748908943085):4.048218276980351,6);, with -loglik 26.240603843269426
 ((8,6):4.048232188189329,((3,5):0.15678650481937448,(#H9:::0.20375359882311725,(4,7):1.2627199843168493):0.2783163747854798):1.9056270438249865,(1,(2)#H9:::0.7962464011768827):0.2720771700363263);, with -loglik 26.240603843568067
 ((6,8):4.048241588387234,((3,5):0.15678714648101794,(#H9:::0.2037531705857741,(4,7):1.2627248951484322):0.2783143506068176):1.905618827893559,(1,(2)#H9:::0.7962468294142259):0.2720753248816314);, with -loglik 26.240603849966885
 (6,((1,(2)#H9:::0.7722499554641119):0.28826511785450704,(((5,(3)#H10:::0.9425201625019418):0.218469978085704,(4,(7,#H10:::0.05747983749805815):0.3284053489187117):1.6236125025878363):0.0,#H9:::0.2277500445358881):1.847389844154222):4.043551643285121,8);, with -loglik 29.341213749963522
 (7,(3,((#H9:::0.21257272760420426,(5,((1,(2)#H9:::0.7874272723957958):0.27811011823991727,(8,6):4.025400909061264):1.928700089541975):0.054851421727391755):0.0)#H10:0.0::0.9493447683823725):1.9694369030075936,(4,#H10:0.16227621216755::0.050655231617627576):0.7475313608163823);, with -loglik 49.453691127092384
 (5,(3,#H9:0.0::0.48360121899832864):0.0,(2,(((((8,6):4.548484896357337,((7,4):0.0)#H10:1.8579957219062935::0.9999950828487386):0.0,#H10:0.2856240533521282::4.917151261425849e-6):0.0)#H9:0.0::0.5163987810016714,1):0.03570529330487945):2.5201152751620413);, with -loglik 880.6068425212287
 (4,7,(#H9:0.0::0.4740524734202962,(2,(((((3,5):0.5413028850446238,((8,6):0.0)#H10:4.541730633517434::1.0):0.0,#H10:0.0::0.0):0.0)#H9:0.0::0.5259475265797038,1):0.11495371248556616):3.0130712608091987):1.2003799102927035);, with -loglik 921.9049662628246
-------
