(3,(5,((#H9:::0.21434752305649227,((6,8):4.045771090209644,(1,(2)#H9:::0.7856524769435077):0.2797937246044158):1.9476585799974844):0.0)#H10:0.1591565123569148::0.7586315921927882):0.138997247544756,(#H10:6.267642514281625e-5::0.24136840780721183,(7,4):0.5088951747161777):1.744080398449693); -Ploglik = 21.746289224328564
 Dendroscope: (3,(5,((#H9,((6,8):4.045771090209644,(1,(2)#H9):0.2797937246044158):1.9476585799974844):0.0)#H10:0.1591565123569148):0.138997247544756,(#H10:6.267642514281625e-5,(7,4):0.5088951747161777):1.744080398449693);
 Elapsed time: 328.95 seconds, 15 attempted runs
-------
List of estimated networks for all runs (sorted by log-pseudolik; the smaller, the better):
 (3,(5,((#H9:::0.21434752305649227,((6,8):4.045771090209644,(1,(2)#H9:::0.7856524769435077):0.2797937246044158):1.9476585799974844):0.0)#H10:0.1591565123569148::0.7586315921927882):0.138997247544756,(#H10:6.267642514281625e-5::0.24136840780721183,(7,4):0.5088951747161777):1.744080398449693);, with -loglik 21.746289224328564
 (3,(((#H9:::0.2031366652744606,((8,6):4.048076065773344,(1,(2)#H9:::0.7968633347255394):0.2724739769420824):2.0308556019872444):1.2619217381798e-6)#H10:4.331272109045439e-6::0.83950692996087,5):0.0999354904123456,(7,(4,#H10:2.7308517216382072e-5::0.1604930700391301):0.21429197558080978):2.6365081125483116);, with -loglik 21.90388439283347
 (3,(((((8,6):4.039618124488218,(1,(2)#H9:::0.7943651406693686):0.2752497642206935):2.011427649573742,#H9:::0.20563485933063136):0.0)#H10:0.030640454967815478::0.832597449662198,5):0.10317275204610533,(7,(4,#H10:0.0017174706336509351::0.16740255033780208):0.09207787594512352):2.6290111572593036);, with -loglik 22.477099225385746
 (3,(((((8,6):4.039618124488218,(1,(2)#H9:::0.7943651406693686):0.2752497642206935):2.011427649573742,#H9:::0.20563485933063136):0.0)#H10:0.030640454967815478::0.832597449662198,5):0.10317275204610533,(7,(4,#H10:0.0017174706336509351::0.16740255033780208):0.09207787594512352):2.6290111572593036);, with -loglik 22.477099225385746
 (3,(((((6,8):4.047802042372128,(1,(2)#H9:::0.7930523938573975):0.27495591232853483):2.003365945692834,#H9:::0.2069476061426025):0.0)#H10:0.046165716491245366::0.826654810784278,5):0.10685514274021306,(#H10:0.003985607333004188::0.17334518921572198,(7,4):0.013945249574811388):2.558447355509463);, with -loglik 23.89871995661649
 (3,(((((8,6):4.04755913804381,(1,(2)#H9:::0.7928914426364093):0.2751655365527193):2.002186686736362,#H9:::0.20710855736359063):0.0)#H10:0.04695762102705876::0.828155704498231,5):0.10581743720537969,(#H10:0.0010160990689232147::0.17184429550176902,(7,4):0.004671074997185484):2.571405595544613);, with -loglik 23.979091305553474
 (3,(((((8,6):4.046289426912245,(1,(2)#H9:::0.7932349895352397):0.2749863540535224):2.003704934489439,#H9:::0.2067650104647602):0.0)#H10:0.04413308477707138::0.8286057286152069,5):0.10605705660824766,((4,#H10:0.0010013340810155111::0.17139427138479318):0.0017479726661296506,7):2.5810495248540963);, with -loglik 23.9805893305841
 (3,(((((8,6):4.046289426912245,(1,(2)#H9:::0.7932349895352397):0.2749863540535224):2.003704934489439,#H9:::0.2067650104647602):0.0)#H10:0.04413308477707138::0.8286057286152069,5):0.10605705660824766,(7,(4,#H10:0.0010013340810155111::0.17139427138479318):0.0017479726661296506):2.5810495248540963);, with -loglik 23.9805893305841
 (3,(((((8,6):4.0480744699003814,(1,(2)#H9:::0.7913813579834488):0.27608700493013705):1.9902330283078642,#H9:::0.20861864201655117):0.0)#H10:0.0629622006056913::0.8288482316728897,5):0.105673435678713,(7,(4,#H10:0.0005572910603597726::0.17115176832711032):0.0010200692046477165):2.581287148416043);, with -loglik 23.994184962549358
 (3,(((((8,6):4.0470616292338155,(1,(2)#H9:::0.793293124257269):0.2746680336212126):2.0049289710009695,#H9:::0.206706875742731):0.0)#H10:0.042871856657080445::0.8282989409755479,5):0.10620553649310983,(#H10:0.001055648555470992::0.1717010590244521,(7,4):0.002534407577333046):2.575809043263561);, with -loglik 23.999650977844173
 (3,(5,((((8,6):4.046917679022545,(1,(2)#H9:::0.7913234727809136):0.2761112831656225):1.9906628547467384,#H9:::0.20867652721908633):0.0)#H10:0.0630598011241195::0.8287453282460742):0.10574101892285609,(4,(7,#H10:4.489772467927101e-9::0.17125467175392586):0.0):2.581130819963419);, with -loglik 24.018064332346047
 (3,(((((8,6):4.048684110847333,(1,(2)#H9:::0.7974527591864805):0.2719740175936599):2.034575956704435,#H9:::0.20254724081351946):0.0)#H10:0.0010215916148753367::0.827817729067708,5):0.10638532925236202,(#H10:0.0012630959736944969::0.17218227093229194,(7,4):0.002950380055048389):2.5721193028577964);, with -loglik 24.0264792058735
 (3,(((((8,6):4.049068692590593,(1,(2)#H9:::0.7972296899276816):0.2722475105327679):2.0339180742649785,#H9:::0.20277031007231835):0.0)#H10:0.0023137082640526927::0.8282386662968044,5):0.1060975931415558,((4,#H10:0.0010697341310109158::0.17176133370319552):0.00035290286900244275,7):2.577239274727543);, with -loglik 24.042810461114673
 (((5,#H10:::0.38668988173532015):0.739520975595086,(((8,6):4.046318416320764,(1,(2)#H9:::0.7685777105252002):0.2919541131256724):1.8227785901773117,#H9:::0.2314222894747998):0.0):0.16097531428322762,(4,7):1.4077334919049476,(3)#H10:::0.6133101182646798);, with -loglik 25.88717943176722
 (7,(((5,(3)#H10:::0.9678844801736753):0.19921442130019662,(((8,6):4.043822013816183,(1,(2)#H9:::0.7740862201671994):0.28711938501405704):1.8609749550960464,#H9:::0.2259137798328006):0.0):1.5964561268277873,4):9.590203915305612,#H10:::0.032115519826324664);, with -loglik 30.021296224840793
-------
