(3,(5,((#H9:::0.21434857918608988,((6,8):4.045794113137808,(1,(2)#H9:::0.7856514208139102):0.2797957017451259):1.9477087119973664):0.0)#H10:0.1591346133371938::0.758599873381951):0.13902645220413046,(#H10:3.9102403891841155e-6::0.24140012661804902,(7,4):0.509040302933997):1.7438735473276454); -Ploglik = 21.746226926824885
 Dendroscope: (3,(5,((#H9,((6,8):4.045794113137808,(1,(2)#H9):0.2797957017451259):1.9477087119973664):0.0)#H10:0.1591346133371938):0.13902645220413046,(#H10:3.9102403891841155e-6,(7,4):0.509040302933997):1.7438735473276454);
 Elapsed time: 345.16 seconds, 15 attempted runs
-------
List of estimated networks for all runs (sorted by log-pseudolik; the smaller, the better):
 (3,(5,((#H9:::0.21434857918608988,((6,8):4.045794113137808,(1,(2)#H9:::0.7856514208139102):0.2797957017451259):1.9477087119973664):0.0)#H10:0.1591346133371938::0.758599873381951):0.13902645220413046,(#H10:3.9102403891841155e-6::0.24140012661804902,(7,4):0.509040302933997):1.7438735473276454);, with -loglik 21.746226926824885
 (3,(5,((#H9:::0.21434857918608988,((6,8):4.045794113137808,(1,(2)#H9:::0.7856514208139102):0.2797957017451259):1.9477087119973664):0.0)#H10:0.1591346133371938::0.758599873381951):0.13902645220413046,(#H10:3.9102403891841155e-6::0.24140012661804902,(7,4):0.509040302933997):1.7438735473276454);, with -loglik 21.746226926824885
 (3,(5,((#H9:::0.21434857918608988,((6,8):4.045794113137808,(1,(2)#H9:::0.7856514208139102):0.2797957017451259):1.9477087119973664):0.0)#H10:0.1591346133371938::0.758599873381951):0.13902645220413046,(#H10:3.9102403891841155e-6::0.24140012661804902,(7,4):0.509040302933997):1.7438735473276454);, with -loglik 21.746226926824885
 (3,(5,((#H9:::0.21434857918608988,((6,8):4.045794113137808,(1,(2)#H9:::0.7856514208139102):0.2797957017451259):1.9477087119973664):0.0)#H10:0.1591346133371938::0.758599873381951):0.13902645220413046,(#H10:3.9102403891841155e-6::0.24140012661804902,(7,4):0.509040302933997):1.7438735473276454);, with -loglik 21.746226926824885
 (3,(5,((#H9:::0.21434857918608988,((6,8):4.045794113137808,(1,(2)#H9:::0.7856514208139102):0.2797957017451259):1.9477087119973664):0.0)#H10:0.1591346133371938::0.758599873381951):0.13902645220413046,(#H10:3.9102403891841155e-6::0.24140012661804902,(7,4):0.509040302933997):1.7438735473276454);, with -loglik 21.746226926824885
 (3,(5,((#H9:::0.21434857918608988,((6,8):4.045794113137808,(1,(2)#H9:::0.7856514208139102):0.2797957017451259):1.9477087119973664):0.0)#H10:0.1591346133371938::0.758599873381951):0.13902645220413046,(#H10:3.9102403891841155e-6::0.24140012661804902,(7,4):0.509040302933997):1.7438735473276454);, with -loglik 21.746226926824885
 (3,(5,((#H9:::0.2149828800264491,((6,8):4.045711375745238,(1,(2)#H9:::0.785017119973551):0.28034020932019066):1.9433850073968297):0.0)#H10:0.16721942182522845::0.7581857816257989):0.1391390064026547,(#H10:6.0939076138176134e-5::0.2418142183742012,(7,4):0.5122789421984245):1.737917982920621);, with -loglik 21.7466514639889
 (5,((((6,8):4.043026502000351,(1,(2)#H9:::0.7686825961979407):0.29048752082324125):1.8217238679262948,#H9:::0.23131740380205934):0.0,((3)#H10:::0.7502754030646364,(4,7):1.436801254852819):0.13124451126590503):1.6870511640016814,#H10:::0.24972459693536364);, with -loglik 25.850368097298013
 ((3,((#H9:::0.21128346016447203,((6,8):4.0463332808137,(1,(2)#H9:::0.788716539835528):0.27779119630057053):1.9710250103588178):0.0)#H10:0.08707574883788433::0.862720351447618):0.0,5,(7,(#H10:0.00022405352748487047::0.13727964855238192,4):0.2746802051879079):2.4918368062973015);, with -loglik 26.73204559757768
 (3,((#H10:9.32759722461255e-5::0.11881431369249953,(7,4):0.0):2.1807894970197537,((#H9:::0.2126433569506654,((6,8):4.046072109212662,(1,(2)#H9:::0.7873566430493346):0.2786938502180656):1.9603217985527515):0.0)#H10:0.05920955201359036::0.8811856863075005):0.05491482994160512,5);, with -loglik 28.71481891682325
 (3,(5,((((6,8):4.045571599893505,(1,(2)#H9:::0.7858739894847873):0.2796608713445522):1.949635089531229,#H9:::0.21412601051521274):0.0)#H10:0.13521904817568847::0.825091003999079):0.0007671939043034903,(#H10:6.493475724279618e-6::0.174908996000921,(7,4):0.27236781421066025):1.9891710662719995);, with -loglik 28.78103133981977
 (5,(((#H9:::0.22616292468202678,((6,8):4.040068870294488,(1,(2)#H9:::0.7738370753179732):0.28937104573793376):1.868405136438659):1.894066748619208e-9,(4,(7)#H10:::0.8497687369376817):2.7438939163431786):0.186944564283844,#H10:::0.15023126306231824):0.0,3);, with -loglik 31.072575584639445
 (3,((#H9:::0.2256309267635662,((8,6):4.041512229803155,(1,(2)#H9:::0.7743690732364338):0.2872317071987556):1.8621868621641815):9.590671822738868e-9,(4,(7)#H10:::0.840288682826868):2.909205365419365):0.18746127916149716,(#H10:::0.15971131717313203,5):0.0);, with -loglik 31.0821683654973
 (3,(5,((((8,6):4.268775706349394,(1,(2)#H9:::0.5359637042642948):0.5698700122411601):0.7983062235908692,#H9:::0.4640362957357051):0.8371172518181799)#H10:0.0::0.5054819654700835):2.6625582105175763e-10,(#H10:9.56312133331701e-10::0.4945180345299165,(4,7):1.3639132012847388):0.3805530324683895);, with -loglik 50.18613075847435
 (3,(5,(((2,(#H9:3.313453247085002::0.17071662924190706,1):2.376062784524227):0.09328555223390234,((6,8):4.229197464823322)#H9:9.333847920112649e-5::0.8292833707580929):0.7579373995351664)#H10:4.319637989093393::0.7356926810630275):0.14506717900484517,(#H10:5.250091325105345e-5::0.26430731893697246,(7,4):0.7453842098292205):1.3796703439424354);, with -loglik 57.71224759012319
-------
