(3,(5,((#H9:::0.21434805401160412,((6,8):4.045803631694098,(1,(2)#H9:::0.7856519459883959):0.2797937955170369):1.947709816636769):0.0)#H10:0.15912677832032682::0.7585989233994281):0.13902180759857483,(#H10:2.4446468811837436e-7::0.2414010766005719,(7,4):0.5090519193093912):1.743834808361583); -Ploglik = 21.74622305247029
 Dendroscope: (3,(5,((#H9,((6,8):4.045803631694098,(1,(2)#H9):0.2797937955170369):1.947709816636769):0.0)#H10:0.15912677832032682):0.13902180759857483,(#H10:2.4446468811837436e-7,(7,4):0.5090519193093912):1.743834808361583);
 Elapsed time: 214.93 seconds, 15 attempted runs
-------
List of estimated networks for all runs (sorted by log-pseudolik; the smaller, the better):
 (3,(5,((#H9:::0.21434805401160412,((6,8):4.045803631694098,(1,(2)#H9:::0.7856519459883959):0.2797937955170369):1.947709816636769):0.0)#H10:0.15912677832032682::0.7585989233994281):0.13902180759857483,(#H10:2.4446468811837436e-7::0.2414010766005719,(7,4):0.5090519193093912):1.743834808361583);, with -loglik 21.74622305247029
 (3,(5,((#H9:::0.21434805401160412,((6,8):4.045803631694098,(1,(2)#H9:::0.7856519459883959):0.2797937955170369):1.947709816636769):0.0)#H10:0.15912677832032682::0.7585989233994281):0.13902180759857483,(#H10:2.4446468811837436e-7::0.2414010766005719,(7,4):0.5090519193093912):1.743834808361583);, with -loglik 21.74622305247029
 (3,(5,((#H9:::0.21434805401160412,((6,8):4.045803631694098,(1,(2)#H9:::0.7856519459883959):0.2797937955170369):1.947709816636769):0.0)#H10:0.15912677832032682::0.7585989233994281):0.13902180759857483,(#H10:2.4446468811837436e-7::0.2414010766005719,(7,4):0.5090519193093912):1.743834808361583);, with -loglik 21.74622305247029
 (3,(5,((#H9:::0.21434805401160412,((6,8):4.045803631694098,(1,(2)#H9:::0.7856519459883959):0.2797937955170369):1.947709816636769):0.0)#H10:0.15912677832032682::0.7585989233994281):0.13902180759857483,(#H10:2.4446468811837436e-7::0.2414010766005719,(7,4):0.5090519193093912):1.743834808361583);, with -loglik 21.74622305247029
 (3,(5,((#H9:::0.21434805401160412,((6,8):4.045803631694098,(1,(2)#H9:::0.7856519459883959):0.2797937955170369):1.947709816636769):0.0)#H10:0.15912677832032682::0.7585989233994281):0.13902180759857483,(#H10:2.4446468811837436e-7::0.2414010766005719,(7,4):0.5090519193093912):1.743834808361583);, with -loglik 21.74622305247029
 (3,(5,((#H9:::0.21434805401160412,((6,8):4.045803631694098,(1,(2)#H9:::0.7856519459883959):0.2797937955170369):1.947709816636769):0.0)#H10:0.15912677832032682::0.7585989233994281):0.13902180759857483,(#H10:2.4446468811837436e-7::0.2414010766005719,(7,4):0.5090519193093912):1.743834808361583);, with -loglik 21.74622305247029
 (3,(5,((#H9:::0.21493951068543238,((6,8):4.046077720091297,(1,(2)#H9:::0.7850604893145676):0.28026016166127216):1.9433944639966987):0.0)#H10:0.16677794506584873::0.7589124622923611):0.13879897924015963,(#H10:3.747393545575389e-6::0.24108753770763885,(7,4):0.5072155576375065):1.747333714447419);, with -loglik 21.74655119318126
 (3,(5,((#H9:::0.21420687172840036,((6,8):4.050683006119214,(1,(2)#H9:::0.7857931282715996):0.2795396670126649):1.953176254817019):0.0)#H10:0.14934506023012847::0.7644702558860692):0.1367200078549554,(#H10:2.156402813543463e-6::0.23552974411393074,(7,4):0.47557423694987877):1.8044360158772512);, with -loglik 21.756453156215702
 (((#H9:::0.23022648994589492,((8,6):4.024857250159778,(1,(2)#H9:::0.7697735100541051):0.28929620531795386):1.8174031213022794):0.0,(#H10:::0.19728781608122023,(4,7):1.0150041011091808):0.5695592096619159):0.2871062085883999,5,(3)#H10:::0.8027121839187797);, with -loglik 26.490670165979374
 ((((((8,6):4.04311326174785,(1,(2)#H9:::0.7872114371347746):0.2785619378871656):1.9591533782213635,#H9:::0.2127885628652254):0.0)#H10:0.06255207310939787::0.8797059165990224,(7,(#H10:4.340731170419446e-6::0.12029408340097757,4):0.013047782523814564):2.202062158094939):0.05280436183550751,3,5);, with -loglik 28.448116287263215
 (3,((#H10:4.6277363071267e-9::0.14552709697748945,(7,4):0.1412349202543923):2.0853603145660085,((#H9:::0.2141836436188557,((6,8):4.0474654327656,(1,(2)#H9:::0.7858163563811443):0.2810301355173899):1.9548761439217783):0.0)#H10:0.09739782355929145::0.8544729030225106):0.029550600042523245,5);, with -loglik 28.78686168002122
 ((7,4):0.297240031302262,#H10:6.736798532222767e-8::0.17245022158158582,((5,3):9.136648482873075e-11,((#H9:::0.21434857918608988,((6,8):4.045794113137808,(1,(2)#H9:::0.7856514208139102):0.2797957017451259):1.9477087119973664):0.0)#H10:0.017287246621789324::0.8275497784184142):1.8205951916349903);, with -loglik 30.361064416701495
 (3,(5,(((2,#H9:::0.4028233209522757):0.6034856661370944,((1)#H9:::0.5971766790477243,(6,8):3.903012370986217):0.4555235612255784):0.8525111676885881)#H10:1.3808408878640634::0.7625527702179585):0.13609132309572053,(#H10:2.958393475027456e-7::0.23744722978204147,(7,4):0.5994263870796546):1.5978546628311903);, with -loglik 46.27073711339004
 (3,(5,(((2,(1)#H9:::0.75):0.3080574705662255,(#H9:::0.25,(8,6):3.030295386446703):2.1503012226991793):1.6091818805105647)#H10:0.0::0.7246608683923587):0.1288082721436246,(#H10:5.96653221422442e-11::0.27533913160764134,(7,4):0.49458886656671575):1.984594379131957);, with -loglik 70.60397178176034
 (3,((5,(((1,2):0.0)#H9:0.09843364552567342::0.9890524989397326,((6,8):2.2645226590245528e-14,#H9:9.999999992176075::0.010947501060267428):5.732077525282131):1.2946559687737529):0.0)#H10:0.0::1.0,(4,(#H10:3.9102403891841155e-6::0.0,7):0.7230187338225349):1.7213527240663926);, with -loglik 114.95353867780632
-------
